<?xml version="1.0" encoding="UTF-8"?>
<robot generator="Robot 3.2.1 (Python 3.8.3 on win32)" generated="20200612 22:03:48.072" rpa="false">
<suite id="s1" name="Ejercicio" source="C:\Users\yuliana\Desktop\Choucair\Ejercicio.robot">
<test id="s1-t1" name="C01 Regresar a página de inicio">
<kw name="Navegador y logo">
<kw name="Open Browser" library="SeleniumLibrary">
<doc>Opens a new browser instance to the optional ``url``.</doc>
<arguments>
<arg>${URL}</arg>
<arg>${Navegador}</arg>
</arguments>
<msg timestamp="20200612 22:03:48.894" level="INFO">Opening browser 'chrome' to base url 'https://www.choucairtesting.com/'.</msg>
<status status="PASS" starttime="20200612 22:03:48.893" endtime="20200612 22:04:16.312"></status>
</kw>
<kw name="Title Should Be" library="SeleniumLibrary">
<doc>Verifies that the current page title equals ``title``.</doc>
<arguments>
<arg>Choucair Testing</arg>
</arguments>
<msg timestamp="20200612 22:04:16.334" level="INFO">Page title is 'Choucair Testing'.</msg>
<status status="PASS" starttime="20200612 22:04:16.312" endtime="20200612 22:04:16.334"></status>
</kw>
<kw name="Wait Until Element Is Visible" library="SeleniumLibrary">
<doc>Waits until the element ``locator`` is visible.</doc>
<arguments>
<arg>xpath=//*[@id="slideshow"]/div[2]/div/h2</arg>
<arg>00:05:00</arg>
</arguments>
<status status="PASS" starttime="20200612 22:04:16.335" endtime="20200612 22:04:16.515"></status>
</kw>
<kw name="Click Element" library="SeleniumLibrary">
<doc>Click the element identified by ``locator``.</doc>
<arguments>
<arg>xpath=//*[@id="menu-item-6142"]/a</arg>
</arguments>
<msg timestamp="20200612 22:04:16.517" level="INFO">Clicking element 'xpath=//*[@id="menu-item-6142"]/a'.</msg>
<status status="PASS" starttime="20200612 22:04:16.516" endtime="20200612 22:04:18.432"></status>
</kw>
<kw name="Wait Until Element Is Visible" library="SeleniumLibrary">
<doc>Waits until the element ``locator`` is visible.</doc>
<arguments>
<arg>xpath=//*[@id="main"]/div/div/div/div/section[1]/div/div/div/div/div/div/div/div/img</arg>
<arg>00:05:00</arg>
</arguments>
<status status="PASS" starttime="20200612 22:04:18.433" endtime="20200612 22:04:23.283"></status>
</kw>
<status status="PASS" starttime="20200612 22:03:48.891" endtime="20200612 22:04:23.285"></status>
</kw>
<kw name="Click Element" library="SeleniumLibrary">
<doc>Click the element identified by ``locator``.</doc>
<arguments>
<arg>xpath=//*[@id="masthead"]/div/div/div/div[1]/a/img</arg>
</arguments>
<msg timestamp="20200612 22:04:23.288" level="INFO">Clicking element 'xpath=//*[@id="masthead"]/div/div/div/div[1]/a/img'.</msg>
<status status="PASS" starttime="20200612 22:04:23.287" endtime="20200612 22:04:24.499"></status>
</kw>
<kw name="Title Should Be" library="SeleniumLibrary">
<doc>Verifies that the current page title equals ``title``.</doc>
<arguments>
<arg>Choucair Testing</arg>
</arguments>
<msg timestamp="20200612 22:04:25.413" level="INFO">Page title is 'Choucair Testing'.</msg>
<status status="PASS" starttime="20200612 22:04:24.501" endtime="20200612 22:04:25.414"></status>
</kw>
<kw name="Wait Until Element Is Visible" library="SeleniumLibrary">
<doc>Waits until the element ``locator`` is visible.</doc>
<arguments>
<arg>xpath=//*[@id="slideshow"]/div[2]/div/h2</arg>
</arguments>
<status status="PASS" starttime="20200612 22:04:25.415" endtime="20200612 22:04:30.479"></status>
</kw>
<kw name="Close Browser" library="SeleniumLibrary">
<doc>Closes the current browser.</doc>
<status status="PASS" starttime="20200612 22:04:30.480" endtime="20200612 22:04:32.806"></status>
</kw>
<status status="PASS" starttime="20200612 22:03:48.888" endtime="20200612 22:04:32.808" critical="yes"></status>
</test>
<doc>Existe en un documento de texto con los pasos manuales
Esta es mi primera automatizacion</doc>
<status status="PASS" starttime="20200612 22:03:48.077" endtime="20200612 22:04:32.814"></status>
</suite>
<statistics>
<total>
<stat pass="1" fail="0">Critical Tests</stat>
<stat pass="1" fail="0">All Tests</stat>
</total>
<tag>
</tag>
<suite>
<stat pass="1" fail="0" id="s1" name="Ejercicio">Ejercicio</stat>
</suite>
</statistics>
<errors>
</errors>
</robot>
